d:\classes\cst126\winter-2017\examples\colors\colors\debug\vc140.pdb
d:\classes\cst126\winter-2017\examples\colors\colors\debug\vc140.idb
d:\classes\cst126\winter-2017\examples\colors\colors\debug\colors.obj
d:\classes\cst126\winter-2018\examples\colors\colors\debug\vc141.pdb
d:\classes\cst126\winter-2018\examples\colors\colors\debug\vc141.idb
d:\classes\cst126\winter-2018\examples\colors\colors\debug\colors.obj
d:\classes\cst126\winter-2017\examples\colors\debug\colors.ilk
d:\classes\cst126\winter-2017\examples\colors\debug\colors.exe
d:\classes\cst126\winter-2017\examples\colors\debug\colors.pdb
d:\classes\cst126\winter-2018\examples\colors\debug\colors.ilk
d:\classes\cst126\winter-2018\examples\colors\debug\colors.exe
d:\classes\cst126\winter-2018\examples\colors\debug\colors.pdb
d:\classes\cst126\winter-2018\examples\colors\colors\debug\vc140.idb
d:\classes\cst126\winter-2018\examples\colors\colors\debug\vc140.pdb
d:\classes\cst126\winter-2018\examples\colors\colors\debug\colors.tlog\cl.command.1.tlog
d:\classes\cst126\winter-2018\examples\colors\colors\debug\colors.tlog\cl.read.1.tlog
d:\classes\cst126\winter-2018\examples\colors\colors\debug\colors.tlog\cl.write.1.tlog
d:\classes\cst126\winter-2018\examples\colors\colors\debug\colors.tlog\link.command.1.tlog
d:\classes\cst126\winter-2018\examples\colors\colors\debug\colors.tlog\link.delete.1.tlog
d:\classes\cst126\winter-2018\examples\colors\colors\debug\colors.tlog\link.read.1.tlog
d:\classes\cst126\winter-2018\examples\colors\colors\debug\colors.tlog\link.write.1.tlog
