d:\classes\cst126\winter-2017\examples\srandexample\srandexample\debug\vc140.pdb
d:\classes\cst126\winter-2017\examples\srandexample\srandexample\debug\vc140.idb
d:\classes\cst126\winter-2017\examples\srandexample\srandexample\debug\srandexample.obj
d:\classes\cst126\winter-2018\examples\srandexample\srandexample\debug\vc141.pdb
d:\classes\cst126\winter-2018\examples\srandexample\srandexample\debug\vc141.idb
d:\classes\cst126\winter-2018\examples\srandexample\srandexample\debug\srandexample.obj
d:\classes\cst126\winter-2017\examples\srandexample\debug\srandexample.ilk
d:\classes\cst126\winter-2017\examples\srandexample\debug\srandexample.exe
d:\classes\cst126\winter-2017\examples\srandexample\debug\srandexample.pdb
d:\classes\cst126\winter-2018\examples\srandexample\debug\srandexample.ilk
d:\classes\cst126\winter-2018\examples\srandexample\debug\srandexample.exe
d:\classes\cst126\winter-2018\examples\srandexample\debug\srandexample.pdb
d:\classes\cst126\winter-2018\examples\srandexample\srandexample\debug\vc140.idb
d:\classes\cst126\winter-2018\examples\srandexample\srandexample\debug\vc140.pdb
d:\classes\cst126\winter-2018\examples\srandexample\srandexample\debug\srandexample.tlog\cl.command.1.tlog
d:\classes\cst126\winter-2018\examples\srandexample\srandexample\debug\srandexample.tlog\cl.read.1.tlog
d:\classes\cst126\winter-2018\examples\srandexample\srandexample\debug\srandexample.tlog\cl.write.1.tlog
d:\classes\cst126\winter-2018\examples\srandexample\srandexample\debug\srandexample.tlog\link.command.1.tlog
d:\classes\cst126\winter-2018\examples\srandexample\srandexample\debug\srandexample.tlog\link.delete.1.tlog
d:\classes\cst126\winter-2018\examples\srandexample\srandexample\debug\srandexample.tlog\link.read.1.tlog
d:\classes\cst126\winter-2018\examples\srandexample\srandexample\debug\srandexample.tlog\link.write.1.tlog
