d:\c++\oop\cst136\lab4\lab4\debug\vc141.pdb
d:\c++\oop\cst136\lab4\lab4\debug\vc141.idb
d:\c++\oop\cst136\lab4\lab4\debug\string.obj
d:\c++\oop\cst136\lab4\lab4\debug\potion.obj
d:\c++\oop\cst136\lab4\lab4\debug\dynamicarray.obj
d:\c++\oop\cst136\lab4\lab4\debug\character.obj
d:\c++\oop\cst136\lab4\lab4\debug\backpack.obj
d:\c++\oop\cst136\lab4\lab4\debug\coinpouch.obj
c:\users\james.nordquist\desktop\lab4\lab4\debug\backpack.obj
c:\users\james.nordquist\desktop\lab4\lab4\debug\character.obj
c:\users\james.nordquist\desktop\lab4\lab4\debug\coinpouch.obj
c:\users\james.nordquist\desktop\lab4\lab4\debug\dynamicarray.obj
c:\users\james.nordquist\desktop\lab4\lab4\debug\potion.obj
c:\users\james.nordquist\desktop\lab4\lab4\debug\string.obj
c:\users\james.nordquist\desktop\lab4\lab4\debug\vc141.idb
c:\users\james.nordquist\desktop\lab4\lab4\debug\vc141.pdb
c:\users\james.nordquist\desktop\lab4\debug\lab4.pdb
c:\users\james.nordquist\desktop\lab4\lab4\debug\lab4.tlog\cl.command.1.tlog
c:\users\james.nordquist\desktop\lab4\lab4\debug\lab4.tlog\cl.read.1.tlog
c:\users\james.nordquist\desktop\lab4\lab4\debug\lab4.tlog\cl.write.1.tlog
c:\users\james.nordquist\desktop\lab4\lab4\debug\lab4.tlog\link-cvtres.read.1.tlog
c:\users\james.nordquist\desktop\lab4\lab4\debug\lab4.tlog\link-cvtres.write.1.tlog
c:\users\james.nordquist\desktop\lab4\lab4\debug\lab4.tlog\link-rc.read.1.tlog
c:\users\james.nordquist\desktop\lab4\lab4\debug\lab4.tlog\link-rc.write.1.tlog
c:\users\james.nordquist\desktop\lab4\lab4\debug\lab4.tlog\link.command.1.tlog
c:\users\james.nordquist\desktop\lab4\lab4\debug\lab4.tlog\link.read.1.tlog
c:\users\james.nordquist\desktop\lab4\lab4\debug\lab4.tlog\link.write.1.tlog
